[debug] [2023-10-22T16:43:42.653Z] ----------------------------------------------------------------------
[debug] [2023-10-22T16:43:42.655Z] Command:       /root/.nvm/versions/node/v16.13.0/bin/node /root/.nvm/versions/node/v16.13.0/pnpm-global/5/node_modules/firebase-tools/lib/bin/firebase.js login
[debug] [2023-10-22T16:43:42.655Z] CLI Version:   12.7.0
[debug] [2023-10-22T16:43:42.655Z] Platform:      linux
[debug] [2023-10-22T16:43:42.656Z] Node Version:  v16.13.0
[debug] [2023-10-22T16:43:42.656Z] Time:          Sun Oct 22 2023 16:43:42 GMT+0000 (Coordinated Universal Time)
[debug] [2023-10-22T16:43:42.656Z] ----------------------------------------------------------------------
[debug] 
[debug] [2023-10-22T16:43:42.660Z] >>> [apiv2][query] GET https://firebase-public.firebaseio.com/cli.json [none]
[info] i  Firebase optionally collects CLI and Emulator Suite usage and error reporting information to help improve our products. Data is collected in accordance with Google's privacy policy (https://policies.google.com/privacy) and is not used to identify you.
 
[debug] [2023-10-22T16:43:43.553Z] <<< [apiv2][status] GET https://firebase-public.firebaseio.com/cli.json 200
[debug] [2023-10-22T16:43:43.557Z] <<< [apiv2][body] GET https://firebase-public.firebaseio.com/cli.json {"cloudBuildErrorAfter":1594252800000,"cloudBuildWarnAfter":1590019200000,"defaultNode10After":1594252800000,"minVersion":"3.0.5","node8DeploysDisabledAfter":1613390400000,"node8RuntimeDisabledAfter":1615809600000,"node8WarnAfter":1600128000000}
[info] i  To change your data collection preference at any time, run `firebase logout` and log in again. 
[info] 
[info] Visit this URL on this device to log in:
[info] https://accounts.google.com/o/oauth2/auth?client_id=563584335869-fgrhgmd47bqnekij5i8b5pr03ho849e6.apps.googleusercontent.com&scope=email%20openid%20https%3A%2F%2Fwww.googleapis.com%2Fauth%2Fcloudplatformprojects.readonly%20https%3A%2F%2Fwww.googleapis.com%2Fauth%2Ffirebase%20https%3A%2F%2Fwww.googleapis.com%2Fauth%2Fcloud-platform&response_type=code&state=524564468&redirect_uri=http%3A%2F%2Flocalhost%3A9005
[info] 
[info] Waiting for authentication...
[debug] [2023-10-22T16:45:33.732Z] ----------------------------------------------------------------------
[debug] [2023-10-22T16:45:33.735Z] Command:       /root/.nvm/versions/node/v16.13.0/bin/node /root/.nvm/versions/node/v16.13.0/pnpm-global/5/node_modules/firebase-tools/lib/bin/firebase.js login
[debug] [2023-10-22T16:45:33.736Z] CLI Version:   12.7.0
[debug] [2023-10-22T16:45:33.736Z] Platform:      linux
[debug] [2023-10-22T16:45:33.736Z] Node Version:  v16.13.0
[debug] [2023-10-22T16:45:33.737Z] Time:          Sun Oct 22 2023 16:45:33 GMT+0000 (Coordinated Universal Time)
[debug] [2023-10-22T16:45:33.737Z] ----------------------------------------------------------------------
[debug] 
[info] i  Firebase optionally collects CLI and Emulator Suite usage and error reporting information to help improve our products. Data is collected in accordance with Google's privacy policy (https://policies.google.com/privacy) and is not used to identify you.
 
[info] i  To change your data collection preference at any time, run `firebase logout` and log in again. 
[info] 
[info] Visit this URL on this device to log in:
[info] https://accounts.google.com/o/oauth2/auth?client_id=563584335869-fgrhgmd47bqnekij5i8b5pr03ho849e6.apps.googleusercontent.com&scope=email%20openid%20https%3A%2F%2Fwww.googleapis.com%2Fauth%2Fcloudplatformprojects.readonly%20https%3A%2F%2Fwww.googleapis.com%2Fauth%2Ffirebase%20https%3A%2F%2Fwww.googleapis.com%2Fauth%2Fcloud-platform&response_type=code&state=838126026&redirect_uri=http%3A%2F%2Flocalhost%3A9005
[info] 
[info] Waiting for authentication...
[debug] [2023-10-22T17:13:53.407Z] ----------------------------------------------------------------------
[debug] [2023-10-22T17:13:53.409Z] Command:       /root/.nvm/versions/node/v16.13.0/bin/node /root/.nvm/versions/node/v16.13.0/pnpm-global/5/node_modules/firebase-tools/lib/bin/firebase.js login
[debug] [2023-10-22T17:13:53.410Z] CLI Version:   12.7.0
[debug] [2023-10-22T17:13:53.410Z] Platform:      linux
[debug] [2023-10-22T17:13:53.410Z] Node Version:  v16.13.0
[debug] [2023-10-22T17:13:53.411Z] Time:          Sun Oct 22 2023 17:13:53 GMT+0000 (Coordinated Universal Time)
[debug] [2023-10-22T17:13:53.411Z] ----------------------------------------------------------------------
[debug] 
[info] i  Firebase optionally collects CLI and Emulator Suite usage and error reporting information to help improve our products. Data is collected in accordance with Google's privacy policy (https://policies.google.com/privacy) and is not used to identify you.
 
[info] i  To change your data collection preference at any time, run `firebase logout` and log in again. 
[info] 
[info] Visit this URL on this device to log in:
[info] https://accounts.google.com/o/oauth2/auth?client_id=563584335869-fgrhgmd47bqnekij5i8b5pr03ho849e6.apps.googleusercontent.com&scope=email%20openid%20https%3A%2F%2Fwww.googleapis.com%2Fauth%2Fcloudplatformprojects.readonly%20https%3A%2F%2Fwww.googleapis.com%2Fauth%2Ffirebase%20https%3A%2F%2Fwww.googleapis.com%2Fauth%2Fcloud-platform&response_type=code&state=367663024&redirect_uri=http%3A%2F%2Flocalhost%3A9005
[info] 
[info] Waiting for authentication...
